#
# There is insufficient memory for the Java Runtime Environment to continue.
# Native memory allocation (malloc) failed to allocate 1048576 bytes. Error detail: AllocateHeap
# Possible reasons:
#   The system is out of physical RAM or swap space
#   This process is running with CompressedOops enabled, and the Java Heap may be blocking the growth of the native heap
# Possible solutions:
#   Reduce memory load on the system
#   Increase physical memory or swap space
#   Check if swap backing store is full
#   Decrease Java heap size (-Xmx/-Xms)
#   Decrease number of Java threads
#   Decrease Java thread stack sizes (-Xss)
#   Set larger code cache with -XX:ReservedCodeCacheSize=
#   JVM is running with Unscaled Compressed Oops mode in which the Java heap is
#     placed in the first 4GB address space. The Java Heap base address is the
#     maximum limit for the native heap growth. Please use -XX:HeapBaseMinAddress
#     to set the Java Heap base and to place the Java Heap above 4GB virtual address.
# This output file may be truncated or incomplete.
#
#  Out of Memory Error (allocation.cpp:44), pid=22208, tid=19292
#
# JRE version: OpenJDK Runtime Environment Temurin-21.0.9+10 (21.0.9+10) (build 21.0.9+10-LTS)
# Java VM: OpenJDK 64-Bit Server VM Temurin-21.0.9+10 (21.0.9+10-LTS, mixed mode, sharing, tiered, compressed oops, compressed class ptrs, parallel gc, windows-amd64)
# No core dump will be written. Minidumps are not enabled by default on client versions of Windows
#

---------------  S U M M A R Y ------------

Command Line: --add-modules=ALL-SYSTEM --add-opens=java.base/java.util=ALL-UNNAMED --add-opens=java.base/java.lang=ALL-UNNAMED --add-opens=java.base/sun.nio.fs=ALL-UNNAMED -Declipse.application=org.eclipse.jdt.ls.core.id1 -Dosgi.bundles.defaultStartLevel=4 -Declipse.product=org.eclipse.jdt.ls.core.product -Djava.import.generatesMetadataFilesAtProjectRoot=false -DDetectVMInstallationsJob.disabled=true -Dfile.encoding=utf8 -XX:+UseParallelGC -XX:GCTimeRatio=4 -XX:AdaptiveSizePolicyWeight=90 -Dsun.zip.disableMemoryMapping=true -Xmx2G -Xms100m -Xlog:disable -javaagent:c:\Users\mrcar\.vscode\extensions\redhat.java-1.49.0-win32-x64\lombok\lombok-1.18.39-4050.jar -XX:+HeapDumpOnOutOfMemoryError -XX:HeapDumpPath=c:\Users\mrcar\AppData\Roaming\Code\User\workspaceStorage\d43a5ef70a504d7a6b3af5cc6a701609\redhat.java -Daether.dependencyCollector.impl=bf c:\Users\mrcar\.vscode\extensions\redhat.java-1.49.0-win32-x64\server\plugins\org.eclipse.equinox.launcher_1.7.100.v20251111-0406.jar -configuration c:\Users\mrcar\AppData\Roaming\Code\User\globalStorage\redhat.java\1.49.0\config_win -data c:\Users\mrcar\AppData\Roaming\Code\User\workspaceStorage\d43a5ef70a504d7a6b3af5cc6a701609\redhat.java\jdt_ws --pipe=\\.\pipe\lsp-e04ea86cf8eb4d0cddd0864d858e7716-sock

Host: AMD Ryzen 5 7530U with Radeon Graphics         , 12 cores, 7G,  Windows 11 , 64 bit Build 26100 (10.0.26100.7019)
Time: Thu Nov 27 14:22:16 2025 Malay Peninsula Standard Time elapsed time: 97159.825636 seconds (1d 2h 59m 19s)

---------------  T H R E A D  ---------------

Current thread (0x000002411a787bc0):  JavaThread "Attach Listener" daemon [_thread_in_vm, id=19292, stack(0x0000007706100000,0x0000007706200000) (1024K)]

Stack: [0x0000007706100000,0x0000007706200000]
Native frames: (J=compiled Java code, j=interpreted, Vv=VM code, C=native code)
V  [jvm.dll+0x6d6e29]
V  [jvm.dll+0x8b4b76]
V  [jvm.dll+0x8b712e]
V  [jvm.dll+0x8b7813]
V  [jvm.dll+0x283d86]
V  [jvm.dll+0xc1277]
V  [jvm.dll+0x6d76d9]
V  [jvm.dll+0x133466]
V  [jvm.dll+0x3f7ea6]
V  [jvm.dll+0x85e9ad]
V  [jvm.dll+0x6d565d]
C  [ucrtbase.dll+0x37b0]
C  [KERNEL32.DLL+0x2e8d7]
C  [ntdll.dll+0x8c53c]


---------------  P R O C E S S  ---------------

Threads class SMR info:
_java_thread_list=0x000002412e060ef0, length=62, elements={
0x00000240bead9d50, 0x000002411a780290, 0x000002411a782f60, 0x000002411a786bc0,
0x000002411a787bc0, 0x000002411a789f40, 0x000002411a79df90, 0x000002411a7a5d10,
0x000002411a7a7860, 0x000002411a9ba000, 0x000002411a9bba40, 0x000002411a9ba690,
0x000002411a9bad20, 0x000002411a9b85c0, 0x000002411a9b9970, 0x000002411a9b8c50,
0x000002411a9b92e0, 0x000002411ff874f0, 0x000002411ff84070, 0x000002411ff87b80,
0x000002411ff84700, 0x000002411ff88210, 0x000002411ff888a0, 0x000002411ff85420,
0x000002411ff895c0, 0x000002411ff8b690, 0x000002411ff8a970, 0x000002411ff8a2e0,
0x000002411ff8b000, 0x000002411ff89c50, 0x000002411ff88f30, 0x0000024122fc9ac0,
0x0000024122fc8da0, 0x0000024122fcb500, 0x0000024122fca150, 0x0000024122fc9430,
0x0000024124f9b820, 0x0000024124f9c540, 0x0000024124f9cbd0, 0x00000241230cc290,
0x0000024122fcdc60, 0x0000024122fcc220, 0x00000241230c7a60, 0x00000241230c66b0,
0x00000241230c6d40, 0x00000241230c94a0, 0x00000241230c9b30, 0x00000241230c80f0,
0x00000241230cc920, 0x00000241230cd640, 0x00000241230ca1c0, 0x00000241230cb570,
0x00000241230cbc00, 0x00000241230c8780, 0x0000024124f9b190, 0x0000024124f9d260,
0x0000024124f9beb0, 0x0000024124f9df80, 0x0000024124f9ab00, 0x0000024123eafbd0,
0x0000024123eac750, 0x0000024123eb36e0
}

Java Threads: ( => current thread )
  0x00000240bead9d50 JavaThread "main"                              [_thread_blocked, id=14272, stack(0x0000007705a00000,0x0000007705b00000) (1024K)]
  0x000002411a780290 JavaThread "Reference Handler"          daemon [_thread_blocked, id=11236, stack(0x0000007705e00000,0x0000007705f00000) (1024K)]
  0x000002411a782f60 JavaThread "Finalizer"                  daemon [_thread_blocked, id=10380, stack(0x0000007705f00000,0x0000007706000000) (1024K)]
  0x000002411a786bc0 JavaThread "Signal Dispatcher"          daemon [_thread_blocked, id=11192, stack(0x0000007706000000,0x0000007706100000) (1024K)]
=>0x000002411a787bc0 JavaThread "Attach Listener"            daemon [_thread_in_vm, id=19292, stack(0x0000007706100000,0x0000007706200000) (1024K)]
  0x000002411a789f40 JavaThread "Service Thread"             daemon [_thread_blocked, id=16864, stack(0x0000007706200000,0x0000007706300000) (1024K)]
  0x000002411a79df90 JavaThread "Monitor Deflation Thread"   daemon [_thread_blocked, id=12352, stack(0x0000007706300000,0x0000007706400000) (1024K)]
  0x000002411a7a5d10 JavaThread "C2 CompilerThread0"         daemon [_thread_blocked, id=15300, stack(0x0000007706400000,0x0000007706500000) (1024K)]
  0x000002411a7a7860 JavaThread "C1 CompilerThread0"         daemon [_thread_blocked, id=7856, stack(0x0000007706500000,0x0000007706600000) (1024K)]
  0x000002411a9ba000 JavaThread "Common-Cleaner"             daemon [_thread_blocked, id=16980, stack(0x0000007706700000,0x0000007706800000) (1024K)]
  0x000002411a9bba40 JavaThread "Notification Thread"        daemon [_thread_blocked, id=10752, stack(0x0000007706800000,0x0000007706900000) (1024K)]
  0x000002411a9ba690 JavaThread "Active Thread: Equinox Container: 74a5dda4-d342-489d-a91c-3c1962436ee7"        [_thread_blocked, id=11488, stack(0x0000007707000000,0x0000007707100000) (1024K)]
  0x000002411a9bad20 JavaThread "Refresh Thread: Equinox Container: 74a5dda4-d342-489d-a91c-3c1962436ee7" daemon [_thread_blocked, id=10092, stack(0x0000007707100000,0x0000007707200000) (1024K)]
  0x000002411a9b85c0 JavaThread "Framework Event Dispatcher: Equinox Container: 74a5dda4-d342-489d-a91c-3c1962436ee7" daemon [_thread_blocked, id=20884, stack(0x0000007707300000,0x0000007707400000) (1024K)]
  0x000002411a9b9970 JavaThread "Start Level: Equinox Container: 74a5dda4-d342-489d-a91c-3c1962436ee7" daemon [_thread_blocked, id=13668, stack(0x0000007707400000,0x0000007707500000) (1024K)]
  0x000002411a9b8c50 JavaThread "Bundle File Closer"         daemon [_thread_blocked, id=13044, stack(0x0000007707600000,0x0000007707700000) (1024K)]
  0x000002411a9b92e0 JavaThread "SCR Component Actor"        daemon [_thread_blocked, id=3676, stack(0x0000007706600000,0x0000007706700000) (1024K)]
  0x000002411ff874f0 JavaThread "Worker-JM"                         [_thread_blocked, id=16300, stack(0x0000007707800000,0x0000007707900000) (1024K)]
  0x000002411ff84070 JavaThread "Java indexing"              daemon [_thread_blocked, id=20340, stack(0x0000007707c00000,0x0000007707d00000) (1024K)]
  0x000002411ff87b80 JavaThread "JNA Cleaner"                daemon [_thread_blocked, id=15936, stack(0x0000007707d00000,0x0000007707e00000) (1024K)]
  0x000002411ff84700 JavaThread "Thread-1"                   daemon [_thread_in_native, id=14216, stack(0x0000007708200000,0x0000007708300000) (1024K)]
  0x000002411ff88210 JavaThread "Thread-2"                   daemon [_thread_in_native, id=20224, stack(0x0000007708300000,0x0000007708400000) (1024K)]
  0x000002411ff888a0 JavaThread "Thread-3"                   daemon [_thread_in_native, id=4804, stack(0x0000007708400000,0x0000007708500000) (1024K)]
  0x000002411ff85420 JavaThread "Thread-4"                   daemon [_thread_in_native, id=14048, stack(0x0000007708500000,0x0000007708600000) (1024K)]
  0x000002411ff895c0 JavaThread "Thread-5"                   daemon [_thread_in_native, id=8944, stack(0x0000007708600000,0x0000007708700000) (1024K)]
  0x000002411ff8b690 JavaThread "Thread-6"                   daemon [_thread_in_native, id=22404, stack(0x0000007708700000,0x0000007708800000) (1024K)]
  0x000002411ff8a970 JavaThread "Thread-7"                   daemon [_thread_in_native, id=14596, stack(0x0000007708800000,0x0000007708900000) (1024K)]
  0x000002411ff8a2e0 JavaThread "Thread-8"                   daemon [_thread_in_native, id=13904, stack(0x0000007708900000,0x0000007708a00000) (1024K)]
  0x000002411ff8b000 JavaThread "Thread-9"                   daemon [_thread_in_native, id=8912, stack(0x0000007708a00000,0x0000007708b00000) (1024K)]
  0x000002411ff89c50 JavaThread "Thread-10"                  daemon [_thread_in_native, id=8952, stack(0x0000007708b00000,0x0000007708c00000) (1024K)]
  0x000002411ff88f30 JavaThread "Thread-11"                  daemon [_thread_in_native, id=13712, stack(0x0000007708c00000,0x0000007708d00000) (1024K)]
  0x0000024122fc9ac0 JavaThread "Thread-12"                  daemon [_thread_in_native, id=11668, stack(0x0000007708d00000,0x0000007708e00000) (1024K)]
  0x0000024122fc8da0 JavaThread "Thread-13"                  daemon [_thread_in_native, id=2344, stack(0x0000007708e00000,0x0000007708f00000) (1024K)]
  0x0000024122fcb500 JavaThread "pool-2-thread-1"                   [_thread_blocked, id=13284, stack(0x0000007708f00000,0x0000007709000000) (1024K)]
  0x0000024122fca150 JavaThread "WorkspaceEventsHandler"            [_thread_blocked, id=16012, stack(0x0000007709000000,0x0000007709100000) (1024K)]
  0x0000024122fc9430 JavaThread "pool-1-thread-1"                   [_thread_blocked, id=6696, stack(0x0000007709100000,0x0000007709200000) (1024K)]
  0x0000024124f9b820 JavaThread "Java Debug Server"          daemon [_thread_in_native, id=20456, stack(0x000000770c100000,0x000000770c200000) (1024K)]
  0x0000024124f9c540 JavaThread "RxSchedulerPurge-1"         daemon [_thread_blocked, id=18008, stack(0x000000770c300000,0x000000770c400000) (1024K)]
  0x0000024124f9cbd0 JavaThread "RxCachedWorkerPoolEvictor-1" daemon [_thread_blocked, id=2132, stack(0x000000770c400000,0x000000770c500000) (1024K)]
  0x00000241230cc290 JavaThread "Cleaner-0"                  daemon [_thread_blocked, id=25420, stack(0x0000007709500000,0x0000007709600000) (1024K)]
  0x0000024122fcdc60 JavaThread "Worker-30"                         [_thread_blocked, id=1476, stack(0x0000007707a00000,0x0000007707b00000) (1024K)]
  0x0000024122fcc220 JavaThread "Worker-35"                         [_thread_blocked, id=22360, stack(0x0000007707700000,0x0000007707800000) (1024K)]
  0x00000241230c7a60 JavaThread "ForkJoinPool.commonPool-worker-36" daemon [_thread_blocked, id=5840, stack(0x0000007705700000,0x0000007705800000) (1024K)]
  0x00000241230c66b0 JavaThread "ForkJoinPool.commonPool-worker-37" daemon [_thread_blocked, id=13776, stack(0x0000007705800000,0x0000007705900000) (1024K)]
  0x00000241230c6d40 JavaThread "ForkJoinPool.commonPool-worker-38" daemon [_thread_blocked, id=10952, stack(0x0000007705900000,0x0000007705a00000) (1024K)]
  0x00000241230c94a0 JavaThread "ForkJoinPool.commonPool-worker-40" daemon [_thread_blocked, id=26684, stack(0x0000007707b00000,0x0000007707c00000) (1024K)]
  0x00000241230c9b30 JavaThread "ForkJoinPool.commonPool-worker-41" daemon [_thread_blocked, id=21224, stack(0x0000007707e00000,0x0000007707f00000) (1024K)]
  0x00000241230c80f0 JavaThread "ForkJoinPool.commonPool-worker-43" daemon [_thread_blocked, id=26408, stack(0x0000007707900000,0x0000007707a00000) (1024K)]
  0x00000241230cc920 JavaThread "ForkJoinPool.commonPool-worker-44" daemon [_thread_blocked, id=11528, stack(0x0000007709200000,0x0000007709300000) (1024K)]
  0x00000241230cd640 JavaThread "ForkJoinPool.commonPool-worker-46" daemon [_thread_blocked, id=21276, stack(0x0000007709300000,0x0000007709400000) (1024K)]
  0x00000241230ca1c0 JavaThread "ForkJoinPool.commonPool-worker-45" daemon [_thread_blocked, id=19100, stack(0x0000007709400000,0x0000007709500000) (1024K)]
  0x00000241230cb570 JavaThread "ForkJoinPool.commonPool-worker-47" daemon [_thread_blocked, id=23000, stack(0x0000007709600000,0x0000007709700000) (1024K)]
  0x00000241230cbc00 JavaThread "ForkJoinPool.commonPool-worker-48" daemon [_thread_blocked, id=21116, stack(0x0000007709700000,0x0000007709800000) (1024K)]
  0x00000241230c8780 JavaThread "Worker-42"                         [_thread_blocked, id=26432, stack(0x0000007707f00000,0x0000007708000000) (1024K)]
  0x0000024124f9b190 JavaThread "Worker-43"                         [_thread_blocked, id=11044, stack(0x0000007709800000,0x0000007709900000) (1024K)]
  0x0000024124f9d260 JavaThread "Worker-44"                         [_thread_blocked, id=22096, stack(0x0000007709900000,0x0000007709a00000) (1024K)]
  0x0000024124f9beb0 JavaThread "Compiler Source File Reader" daemon [_thread_blocked, id=3728, stack(0x0000007709a00000,0x0000007709b00000) (1024K)]
  0x0000024124f9df80 JavaThread "Worker-45"                         [_thread_blocked, id=6540, stack(0x0000007709b00000,0x0000007709c00000) (1024K)]
  0x0000024124f9ab00 JavaThread "Worker-46"                         [_thread_blocked, id=24712, stack(0x0000007709c00000,0x0000007709d00000) (1024K)]
  0x0000024123eafbd0 JavaThread "Compiler Source File Reader" daemon [_thread_blocked, id=22684, stack(0x0000007709d00000,0x0000007709e00000) (1024K)]
  0x0000024123eac750 JavaThread "Compiler Processing Task"   daemon [_thread_blocked, id=2952, stack(0x0000007709e00000,0x0000007709f00000) (1024K)]
  0x0000024123eb36e0 JavaThread "pool-8-thread-9"                   [_thread_blocked, id=25912, stack(0x0000007709f00000,0x000000770a000000) (1024K)]
Total: 62

Other Threads:
  0x00000240c0dd3310 VMThread "VM Thread"                           [id=13588, stack(0x0000007705d00000,0x0000007705e00000) (1024K)]
  0x00000240c0ccca00 WatcherThread "VM Periodic Task Thread"        [id=19020, stack(0x0000007705c00000,0x0000007705d00000) (1024K)]
  0x00000240c0e5c240 WorkerThread "GC Thread#0"                     [id=19916, stack(0x0000007705b00000,0x0000007705c00000) (1024K)]
  0x000002411f133290 WorkerThread "GC Thread#1"                     [id=15740, stack(0x0000007706a00000,0x0000007706b00000) (1024K)]
  0x000002411f133630 WorkerThread "GC Thread#2"                     [id=21472, stack(0x0000007706b00000,0x0000007706c00000) (1024K)]
  0x000002411f058160 WorkerThread "GC Thread#3"                     [id=18464, stack(0x0000007706c00000,0x0000007706d00000) (1024K)]
  0x000002411f954840 WorkerThread "GC Thread#4"                     [id=11680, stack(0x0000007706d00000,0x0000007706e00000) (1024K)]
  0x000002411f954be0 WorkerThread "GC Thread#5"                     [id=15840, stack(0x0000007706e00000,0x0000007706f00000) (1024K)]
  0x000002411f8b3c80 WorkerThread "GC Thread#6"                     [id=14672, stack(0x0000007706f00000,0x0000007707000000) (1024K)]
  0x000002411fab50f0 WorkerThread "GC Thread#7"                     [id=14360, stack(0x0000007707200000,0x0000007707300000) (1024K)]
  0x000002411fab4610 WorkerThread "GC Thread#8"                     [id=12028, stack(0x0000007706900000,0x0000007706a00000) (1024K)]
  0x000002411fab3ed0 WorkerThread "GC Thread#9"                     [id=18636, stack(0x0000007707500000,0x0000007707600000) (1024K)]
Total: 12

Threads with active compile tasks:
Total: 0

VM state: not at safepoint (normal execution)

VM Mutex/Monitor currently owned by a thread: None

Heap address: 0x0000000080000000, size: 2048 MB, Compressed Oops mode: 32-bit

CDS archive(s) mapped at: [0x00000240d8000000-0x00000240d8ba0000-0x00000240d8ba0000), size 12189696, SharedBaseAddress: 0x00000240d8000000, ArchiveRelocationMode: 1.
Compressed class space mapped at: 0x00000240d9000000-0x0000024119000000, reserved size: 1073741824
Narrow klass base: 0x00000240d8000000, Narrow klass shift: 0, Narrow klass range: 0x100000000

GC Precious Log:
 CardTable entry size: 512
 CPUs: 12 total, 12 available
 Memory: 7487M
 Large Page Support: Disabled
 NUMA Support: Disabled
 Compressed Oops: Enabled (32-bit)
 Alignments: Space 512K, Generation 512K, Heap 2M
 Heap Min Capacity: 100M
 Heap Initial Capacity: 100M
 Heap Max Capacity: 2G
 Pre-touch: Disabled
 Parallel Workers: 10

Heap:
 PSYoungGen      total 2560K, used 1969K [0x00000000d5580000, 0x00000000d5980000, 0x0000000100000000)
  eden space 2048K, 77% used [0x00000000d5580000,0x00000000d570c5b0,0x00000000d5780000)
  from space 512K, 75% used [0x00000000d5900000,0x00000000d5960020,0x00000000d5980000)
  to   space 512K, 0% used [0x00000000d5880000,0x00000000d5880000,0x00000000d5900000)
 ParOldGen       total 332800K, used 332530K [0x0000000080000000, 0x0000000094500000, 0x00000000d5580000)
  object space 332800K, 99% used [0x0000000080000000,0x00000000944bca68,0x0000000094500000)
 Metaspace       used 96938K, committed 98624K, reserved 1179648K
  class space    used 9989K, committed 10752K, reserved 1048576K

Card table byte_map: [0x00000240c07e0000,0x00000240c0bf0000] _byte_map_base: 0x00000240c03e0000

Marking Bits: (ParMarkBitMap*) 0x00007ffc60c92460
 Begin Bits: [0x00000240d32f0000, 0x00000240d52f0000)
 End Bits:   [0x00000240d52f0000, 0x00000240d72f0000)

Polling page: 0x00000240bec40000

Metaspace:

Usage:
  Non-class:     84.91 MB used.
      Class:      9.76 MB used.
       Both:     94.67 MB used.

Virtual space:
  Non-class space:      128.00 MB reserved,      85.81 MB ( 67%) committed,  2 nodes.
      Class space:        1.00 GB reserved,      10.50 MB (  1%) committed,  1 nodes.
             Both:        1.12 GB reserved,      96.31 MB (  8%) committed. 

Chunk freelists:
   Non-Class:  9.11 MB
       Class:  5.40 MB
        Both:  14.51 MB

MaxMetaspaceSize: unlimited
CompressedClassSpaceSize: 1.00 GB
Initial GC threshold: 21.00 MB
Current GC threshold: 159.50 MB
CDS: on
 - commit_granule_bytes: 65536.
 - commit_granule_words: 8192.
 - virtual_space_node_default_size: 8388608.
 - enlarge_chunks_in_place: 1.
 - use_allocation_guard: 0.


Internal statistics:

num_allocs_failed_limit: 9.
num_arena_births: 2174.
num_arena_deaths: 628.
num_vsnodes_births: 3.
num_vsnodes_deaths: 0.
num_space_committed: 1551.
num_space_uncommitted: 9.
num_chunks_returned_to_freelist: 858.
num_chunks_taken_from_freelist: 7159.
num_chunk_merges: 228.
num_chunk_splits: 4100.
num_chunks_enlarged: 2286.
num_inconsistent_stats: 0.

CodeHeap 'non-profiled nmethods': size=120000Kb used=20884Kb max_used=24149Kb free=99116Kb
 bounds [0x00000240cbb10000, 0x00000240cd2b0000, 0x00000240d3040000]
CodeHeap 'profiled nmethods': size=120000Kb used=44259Kb max_used=52862Kb free=75740Kb
 bounds [0x00000240c4040000, 0x00000240c73e0000, 0x00000240cb570000]
CodeHeap 'non-nmethods': size=5760Kb used=1540Kb max_used=1618Kb free=4219Kb
 bounds [0x00000240cb570000, 0x00000240cb7e0000, 0x00000240cbb10000]
CodeCache: size=245760Kb, used=66683Kb, max_used=78629Kb, free=179075Kb
 total_blobs=19810, nmethods=18942, adapters=770, full_count=0
Compilation: enabled, stopped_count=0, restarted_count=0

Compilation events (20 events):
Event: 97130.897 Thread 0x000002411a7a7860 nmethod 26870 0x00000240cbe23e10 code [0x00000240cbe23fa0, 0x00000240cbe24068]
Event: 97130.897 Thread 0x000002411a7a7860 26872       1       com.microsoft.java.debug.core.adapter.DebugAdapterContext::isVmTerminated (5 bytes)
Event: 97130.897 Thread 0x000002411a7a7860 nmethod 26872 0x00000240cbe24b90 code [0x00000240cbe24d20, 0x00000240cbe24df0]
Event: 97130.913 Thread 0x000002411a7a7860 26873       3       java.lang.invoke.LambdaForm$MH/0x00000240d9989800::invoke (42 bytes)
Event: 97130.916 Thread 0x000002411a7a5d10 nmethod 26871 0x00000240cc72a090 code [0x00000240cc72a2a0, 0x00000240cc72adc8]
Event: 97130.917 Thread 0x000002411a7a7860 nmethod 26873 0x00000240c46d7090 code [0x00000240c46d72e0, 0x00000240c46d7d18]
Event: 97130.917 Thread 0x000002411a7a7860 26874       3       java.lang.invoke.LambdaForm$MH/0x00000240d9989c00::invoke (42 bytes)
Event: 97130.918 Thread 0x000002411a7a7860 nmethod 26874 0x00000240c55cfb90 code [0x00000240c55cfe20, 0x00000240c55d0ba0]
Event: 97130.939 Thread 0x000002411a7a5d10 26875       4       org.eclipse.core.runtime.Path::makeRelative (32 bytes)
Event: 97130.941 Thread 0x000002411a7a5d10 nmethod 26875 0x00000240cc6f2990 code [0x00000240cc6f2b20, 0x00000240cc6f2c78]
Event: 97130.949 Thread 0x000002411a7a7860 26877   !   3       org.eclipse.jdi.internal.event.EventImpl::getConstantMaps (137 bytes)
Event: 97130.956 Thread 0x000002411a7a7860 nmethod 26877 0x00000240c40e7310 code [0x00000240c40e7620, 0x00000240c40e8650]
Event: 97130.956 Thread 0x000002411a7a7860 26878       3       org.eclipse.jdi.internal.request.EventRequestImpl::suspendPolicyMap (7 bytes)
Event: 97130.957 Thread 0x000002411a7a7860 nmethod 26878 0x00000240c4213190 code [0x00000240c4213340, 0x00000240c4213460]
Event: 97130.957 Thread 0x000002411a7a7860 26876       3       org.eclipse.jdi.internal.event.EventImpl::eventKindMap (7 bytes)
Event: 97130.957 Thread 0x000002411a7a7860 nmethod 26876 0x00000240c42d3e90 code [0x00000240c42d4040, 0x00000240c42d4160]
Event: 97132.148 Thread 0x000002411a7a5d10 26879       4       java.util.regex.Pattern$BnM::match (161 bytes)
Event: 97132.162 Thread 0x000002411a7a5d10 nmethod 26879 0x00000240cbbb4990 code [0x00000240cbbb4b80, 0x00000240cbbb5168]
Event: 97133.175 Thread 0x000002411a7a7860 26880       1       java.util.logging.Logger::getParent (5 bytes)
Event: 97133.176 Thread 0x000002411a7a7860 nmethod 26880 0x00000240cbe2ea90 code [0x00000240cbe2ec20, 0x00000240cbe2ece8]

GC Heap History (20 events):
Event: 97129.616 GC heap before
{Heap before GC invocations=2882 (full 6):
 PSYoungGen      total 2560K, used 2438K [0x00000000d5580000, 0x00000000d5980000, 0x0000000100000000)
  eden space 2048K, 100% used [0x00000000d5580000,0x00000000d5780000,0x00000000d5780000)
  from space 512K, 76% used [0x00000000d5900000,0x00000000d5961858,0x00000000d5980000)
  to   space 512K, 0% used [0x00000000d5880000,0x00000000d5880000,0x00000000d5900000)
 ParOldGen       total 329728K, used 329641K [0x0000000080000000, 0x0000000094200000, 0x00000000d5580000)
  object space 329728K, 99% used [0x0000000080000000,0x00000000941ea4b8,0x0000000094200000)
 Metaspace       used 96913K, committed 98560K, reserved 1179648K
  class space    used 9986K, committed 10752K, reserved 1048576K
}
Event: 97129.617 GC heap after
{Heap after GC invocations=2882 (full 6):
 PSYoungGen      total 2560K, used 300K [0x00000000d5580000, 0x00000000d5980000, 0x0000000100000000)
  eden space 2048K, 0% used [0x00000000d5580000,0x00000000d5580000,0x00000000d5780000)
  from space 512K, 58% used [0x00000000d5880000,0x00000000d58cb138,0x00000000d5900000)
  to   space 512K, 0% used [0x00000000d5900000,0x00000000d5900000,0x00000000d5980000)
 ParOldGen       total 329728K, used 329689K [0x0000000080000000, 0x0000000094200000, 0x00000000d5580000)
  object space 329728K, 99% used [0x0000000080000000,0x00000000941f64b8,0x0000000094200000)
 Metaspace       used 96913K, committed 98560K, reserved 1179648K
  class space    used 9986K, committed 10752K, reserved 1048576K
}
Event: 97129.632 GC heap before
{Heap before GC invocations=2883 (full 6):
 PSYoungGen      total 2560K, used 2239K [0x00000000d5580000, 0x00000000d5980000, 0x0000000100000000)
  eden space 2048K, 94% used [0x00000000d5580000,0x00000000d5764e08,0x00000000d5780000)
  from space 512K, 58% used [0x00000000d5880000,0x00000000d58cb138,0x00000000d5900000)
  to   space 512K, 0% used [0x00000000d5900000,0x00000000d5900000,0x00000000d5980000)
 ParOldGen       total 329728K, used 329689K [0x0000000080000000, 0x0000000094200000, 0x00000000d5580000)
  object space 329728K, 99% used [0x0000000080000000,0x00000000941f64b8,0x0000000094200000)
 Metaspace       used 96913K, committed 98560K, reserved 1179648K
  class space    used 9986K, committed 10752K, reserved 1048576K
}
Event: 97129.634 GC heap after
{Heap after GC invocations=2883 (full 6):
 PSYoungGen      total 2560K, used 224K [0x00000000d5580000, 0x00000000d5980000, 0x0000000100000000)
  eden space 2048K, 0% used [0x00000000d5580000,0x00000000d5580000,0x00000000d5780000)
  from space 512K, 43% used [0x00000000d5900000,0x00000000d5938000,0x00000000d5980000)
  to   space 512K, 0% used [0x00000000d5880000,0x00000000d5880000,0x00000000d5900000)
 ParOldGen       total 329728K, used 329721K [0x0000000080000000, 0x0000000094200000, 0x00000000d5580000)
  object space 329728K, 99% used [0x0000000080000000,0x00000000941fe4b8,0x0000000094200000)
 Metaspace       used 96913K, committed 98560K, reserved 1179648K
  class space    used 9986K, committed 10752K, reserved 1048576K
}
Event: 97129.651 GC heap before
{Heap before GC invocations=2884 (full 6):
 PSYoungGen      total 2560K, used 2204K [0x00000000d5580000, 0x00000000d5980000, 0x0000000100000000)
  eden space 2048K, 96% used [0x00000000d5580000,0x00000000d576f060,0x00000000d5780000)
  from space 512K, 43% used [0x00000000d5900000,0x00000000d5938000,0x00000000d5980000)
  to   space 512K, 0% used [0x00000000d5880000,0x00000000d5880000,0x00000000d5900000)
 ParOldGen       total 329728K, used 329721K [0x0000000080000000, 0x0000000094200000, 0x00000000d5580000)
  object space 329728K, 99% used [0x0000000080000000,0x00000000941fe4b8,0x0000000094200000)
 Metaspace       used 96913K, committed 98560K, reserved 1179648K
  class space    used 9986K, committed 10752K, reserved 1048576K
}
Event: 97129.652 GC heap after
{Heap after GC invocations=2884 (full 6):
 PSYoungGen      total 2560K, used 288K [0x00000000d5580000, 0x00000000d5980000, 0x0000000100000000)
  eden space 2048K, 0% used [0x00000000d5580000,0x00000000d5580000,0x00000000d5780000)
  from space 512K, 56% used [0x00000000d5880000,0x00000000d58c8000,0x00000000d5900000)
  to   space 512K, 0% used [0x00000000d5900000,0x00000000d5900000,0x00000000d5980000)
 ParOldGen       total 330240K, used 329785K [0x0000000080000000, 0x0000000094280000, 0x00000000d5580000)
  object space 330240K, 99% used [0x0000000080000000,0x000000009420e4b8,0x0000000094280000)
 Metaspace       used 96913K, committed 98560K, reserved 1179648K
  class space    used 9986K, committed 10752K, reserved 1048576K
}
Event: 97129.688 GC heap before
{Heap before GC invocations=2885 (full 6):
 PSYoungGen      total 2560K, used 2226K [0x00000000d5580000, 0x00000000d5980000, 0x0000000100000000)
  eden space 2048K, 94% used [0x00000000d5580000,0x00000000d5764a30,0x00000000d5780000)
  from space 512K, 56% used [0x00000000d5880000,0x00000000d58c8000,0x00000000d5900000)
  to   space 512K, 0% used [0x00000000d5900000,0x00000000d5900000,0x00000000d5980000)
 ParOldGen       total 330240K, used 329785K [0x0000000080000000, 0x0000000094280000, 0x00000000d5580000)
  object space 330240K, 99% used [0x0000000080000000,0x000000009420e4b8,0x0000000094280000)
 Metaspace       used 96913K, committed 98560K, reserved 1179648K
  class space    used 9986K, committed 10752K, reserved 1048576K
}
Event: 97129.690 GC heap after
{Heap after GC invocations=2885 (full 6):
 PSYoungGen      total 2560K, used 192K [0x00000000d5580000, 0x00000000d5980000, 0x0000000100000000)
  eden space 2048K, 0% used [0x00000000d5580000,0x00000000d5580000,0x00000000d5780000)
  from space 512K, 37% used [0x00000000d5900000,0x00000000d5930000,0x00000000d5980000)
  to   space 512K, 0% used [0x00000000d5880000,0x00000000d5880000,0x00000000d5900000)
 ParOldGen       total 330240K, used 329833K [0x0000000080000000, 0x0000000094280000, 0x00000000d5580000)
  object space 330240K, 99% used [0x0000000080000000,0x000000009421a4b8,0x0000000094280000)
 Metaspace       used 96913K, committed 98560K, reserved 1179648K
  class space    used 9986K, committed 10752K, reserved 1048576K
}
Event: 97129.725 GC heap before
{Heap before GC invocations=2886 (full 6):
 PSYoungGen      total 2560K, used 2240K [0x00000000d5580000, 0x00000000d5980000, 0x0000000100000000)
  eden space 2048K, 100% used [0x00000000d5580000,0x00000000d5780000,0x00000000d5780000)
  from space 512K, 37% used [0x00000000d5900000,0x00000000d5930000,0x00000000d5980000)
  to   space 512K, 0% used [0x00000000d5880000,0x00000000d5880000,0x00000000d5900000)
 ParOldGen       total 330240K, used 329833K [0x0000000080000000, 0x0000000094280000, 0x00000000d5580000)
  object space 330240K, 99% used [0x0000000080000000,0x000000009421a4b8,0x0000000094280000)
 Metaspace       used 96913K, committed 98560K, reserved 1179648K
  class space    used 9986K, committed 10752K, reserved 1048576K
}
Event: 97129.727 GC heap after
{Heap after GC invocations=2886 (full 6):
 PSYoungGen      total 2560K, used 301K [0x00000000d5580000, 0x00000000d5980000, 0x0000000100000000)
  eden space 2048K, 0% used [0x00000000d5580000,0x00000000d5580000,0x00000000d5780000)
  from space 512K, 58% used [0x00000000d5880000,0x00000000d58cb758,0x00000000d5900000)
  to   space 512K, 0% used [0x00000000d5900000,0x00000000d5900000,0x00000000d5980000)
 ParOldGen       total 332288K, used 331820K [0x0000000080000000, 0x0000000094480000, 0x00000000d5580000)
  object space 332288K, 99% used [0x0000000080000000,0x000000009440b228,0x0000000094480000)
 Metaspace       used 96913K, committed 98560K, reserved 1179648K
  class space    used 9986K, committed 10752K, reserved 1048576K
}
Event: 97129.776 GC heap before
{Heap before GC invocations=2887 (full 6):
 PSYoungGen      total 2560K, used 2349K [0x00000000d5580000, 0x00000000d5980000, 0x0000000100000000)
  eden space 2048K, 99% used [0x00000000d5580000,0x00000000d577ffb0,0x00000000d5780000)
  from space 512K, 58% used [0x00000000d5880000,0x00000000d58cb758,0x00000000d5900000)
  to   space 512K, 0% used [0x00000000d5900000,0x00000000d5900000,0x00000000d5980000)
 ParOldGen       total 332288K, used 331820K [0x0000000080000000, 0x0000000094480000, 0x00000000d5580000)
  object space 332288K, 99% used [0x0000000080000000,0x000000009440b228,0x0000000094480000)
 Metaspace       used 96913K, committed 98560K, reserved 1179648K
  class space    used 9986K, committed 10752K, reserved 1048576K
}
Event: 97129.777 GC heap after
{Heap after GC invocations=2887 (full 6):
 PSYoungGen      total 2560K, used 265K [0x00000000d5580000, 0x00000000d5980000, 0x0000000100000000)
  eden space 2048K, 0% used [0x00000000d5580000,0x00000000d5580000,0x00000000d5780000)
  from space 512K, 51% used [0x00000000d5900000,0x00000000d5942668,0x00000000d5980000)
  to   space 512K, 0% used [0x00000000d5880000,0x00000000d5880000,0x00000000d5900000)
 ParOldGen       total 332288K, used 331852K [0x0000000080000000, 0x0000000094480000, 0x00000000d5580000)
  object space 332288K, 99% used [0x0000000080000000,0x0000000094413228,0x0000000094480000)
 Metaspace       used 96913K, committed 98560K, reserved 1179648K
  class space    used 9986K, committed 10752K, reserved 1048576K
}
Event: 97129.846 GC heap before
{Heap before GC invocations=2888 (full 6):
 PSYoungGen      total 2560K, used 2313K [0x00000000d5580000, 0x00000000d5980000, 0x0000000100000000)
  eden space 2048K, 100% used [0x00000000d5580000,0x00000000d5780000,0x00000000d5780000)
  from space 512K, 51% used [0x00000000d5900000,0x00000000d5942668,0x00000000d5980000)
  to   space 512K, 0% used [0x00000000d5880000,0x00000000d5880000,0x00000000d5900000)
 ParOldGen       total 332288K, used 331852K [0x0000000080000000, 0x0000000094480000, 0x00000000d5580000)
  object space 332288K, 99% used [0x0000000080000000,0x0000000094413228,0x0000000094480000)
 Metaspace       used 96913K, committed 98560K, reserved 1179648K
  class space    used 9986K, committed 10752K, reserved 1048576K
}
Event: 97129.847 GC heap after
{Heap after GC invocations=2888 (full 6):
 PSYoungGen      total 2560K, used 403K [0x00000000d5580000, 0x00000000d5980000, 0x0000000100000000)
  eden space 2048K, 0% used [0x00000000d5580000,0x00000000d5580000,0x00000000d5780000)
  from space 512K, 78% used [0x00000000d5880000,0x00000000d58e4c48,0x00000000d5900000)
  to   space 512K, 0% used [0x00000000d5900000,0x00000000d5900000,0x00000000d5980000)
 ParOldGen       total 332288K, used 332071K [0x0000000080000000, 0x0000000094480000, 0x00000000d5580000)
  object space 332288K, 99% used [0x0000000080000000,0x0000000094449e70,0x0000000094480000)
 Metaspace       used 96913K, committed 98560K, reserved 1179648K
  class space    used 9986K, committed 10752K, reserved 1048576K
}
Event: 97129.950 GC heap before
{Heap before GC invocations=2889 (full 6):
 PSYoungGen      total 2560K, used 2451K [0x00000000d5580000, 0x00000000d5980000, 0x0000000100000000)
  eden space 2048K, 100% used [0x00000000d5580000,0x00000000d5780000,0x00000000d5780000)
  from space 512K, 78% used [0x00000000d5880000,0x00000000d58e4c48,0x00000000d5900000)
  to   space 512K, 0% used [0x00000000d5900000,0x00000000d5900000,0x00000000d5980000)
 ParOldGen       total 332288K, used 332071K [0x0000000080000000, 0x0000000094480000, 0x00000000d5580000)
  object space 332288K, 99% used [0x0000000080000000,0x0000000094449e70,0x0000000094480000)
 Metaspace       used 96913K, committed 98560K, reserved 1179648K
  class space    used 9986K, committed 10752K, reserved 1048576K
}
Event: 97129.951 GC heap after
{Heap after GC invocations=2889 (full 6):
 PSYoungGen      total 2560K, used 402K [0x00000000d5580000, 0x00000000d5980000, 0x0000000100000000)
  eden space 2048K, 0% used [0x00000000d5580000,0x00000000d5580000,0x00000000d5780000)
  from space 512K, 78% used [0x00000000d5900000,0x00000000d5964b88,0x00000000d5980000)
  to   space 512K, 0% used [0x00000000d5880000,0x00000000d5880000,0x00000000d5900000)
 ParOldGen       total 332288K, used 332266K [0x0000000080000000, 0x0000000094480000, 0x00000000d5580000)
  object space 332288K, 99% used [0x0000000080000000,0x000000009447a9f8,0x0000000094480000)
 Metaspace       used 96913K, committed 98560K, reserved 1179648K
  class space    used 9986K, committed 10752K, reserved 1048576K
}
Event: 97130.122 GC heap before
{Heap before GC invocations=2890 (full 6):
 PSYoungGen      total 2560K, used 2445K [0x00000000d5580000, 0x00000000d5980000, 0x0000000100000000)
  eden space 2048K, 99% used [0x00000000d5580000,0x00000000d577eb50,0x00000000d5780000)
  from space 512K, 78% used [0x00000000d5900000,0x00000000d5964b88,0x00000000d5980000)
  to   space 512K, 0% used [0x00000000d5880000,0x00000000d5880000,0x00000000d5900000)
 ParOldGen       total 332288K, used 332266K [0x0000000080000000, 0x0000000094480000, 0x00000000d5580000)
  object space 332288K, 99% used [0x0000000080000000,0x000000009447a9f8,0x0000000094480000)
 Metaspace       used 96913K, committed 98560K, reserved 1179648K
  class space    used 9986K, committed 10752K, reserved 1048576K
}
Event: 97130.126 GC heap after
{Heap after GC invocations=2890 (full 6):
 PSYoungGen      total 2560K, used 352K [0x00000000d5580000, 0x00000000d5980000, 0x0000000100000000)
  eden space 2048K, 0% used [0x00000000d5580000,0x00000000d5580000,0x00000000d5780000)
  from space 512K, 68% used [0x00000000d5880000,0x00000000d58d8020,0x00000000d5900000)
  to   space 512K, 0% used [0x00000000d5900000,0x00000000d5900000,0x00000000d5980000)
 ParOldGen       total 332800K, used 332306K [0x0000000080000000, 0x0000000094500000, 0x00000000d5580000)
  object space 332800K, 99% used [0x0000000080000000,0x00000000944849f8,0x0000000094500000)
 Metaspace       used 96913K, committed 98560K, reserved 1179648K
  class space    used 9986K, committed 10752K, reserved 1048576K
}
Event: 97130.899 GC heap before
{Heap before GC invocations=2891 (full 6):
 PSYoungGen      total 2560K, used 2400K [0x00000000d5580000, 0x00000000d5980000, 0x0000000100000000)
  eden space 2048K, 100% used [0x00000000d5580000,0x00000000d5780000,0x00000000d5780000)
  from space 512K, 68% used [0x00000000d5880000,0x00000000d58d8020,0x00000000d5900000)
  to   space 512K, 0% used [0x00000000d5900000,0x00000000d5900000,0x00000000d5980000)
 ParOldGen       total 332800K, used 332306K [0x0000000080000000, 0x0000000094500000, 0x00000000d5580000)
  object space 332800K, 99% used [0x0000000080000000,0x00000000944849f8,0x0000000094500000)
 Metaspace       used 96922K, committed 98624K, reserved 1179648K
  class space    used 9986K, committed 10752K, reserved 1048576K
}
Event: 97130.905 GC heap after
{Heap after GC invocations=2891 (full 6):
 PSYoungGen      total 2560K, used 384K [0x00000000d5580000, 0x00000000d5980000, 0x0000000100000000)
  eden space 2048K, 0% used [0x00000000d5580000,0x00000000d5580000,0x00000000d5780000)
  from space 512K, 75% used [0x00000000d5900000,0x00000000d5960020,0x00000000d5980000)
  to   space 512K, 0% used [0x00000000d5880000,0x00000000d5880000,0x00000000d5900000)
 ParOldGen       total 332800K, used 332530K [0x0000000080000000, 0x0000000094500000, 0x00000000d5580000)
  object space 332800K, 99% used [0x0000000080000000,0x00000000944bca68,0x0000000094500000)
 Metaspace       used 96922K, committed 98624K, reserved 1179648K
  class space    used 9986K, committed 10752K, reserved 1048576K
}

Dll operation events (14 events):
Event: 0.008 Loaded shared library c:\Users\mrcar\.vscode\extensions\redhat.java-1.49.0-win32-x64\jre\21.0.9-win32-x86_64\bin\java.dll
Event: 0.059 Loaded shared library c:\Users\mrcar\.vscode\extensions\redhat.java-1.49.0-win32-x64\jre\21.0.9-win32-x86_64\bin\zip.dll
Event: 0.075 Loaded shared library C:\Users\mrcar\.vscode\extensions\redhat.java-1.49.0-win32-x64\jre\21.0.9-win32-x86_64\bin\instrument.dll
Event: 0.080 Loaded shared library C:\Users\mrcar\.vscode\extensions\redhat.java-1.49.0-win32-x64\jre\21.0.9-win32-x86_64\bin\net.dll
Event: 0.083 Loaded shared library C:\Users\mrcar\.vscode\extensions\redhat.java-1.49.0-win32-x64\jre\21.0.9-win32-x86_64\bin\nio.dll
Event: 0.086 Loaded shared library C:\Users\mrcar\.vscode\extensions\redhat.java-1.49.0-win32-x64\jre\21.0.9-win32-x86_64\bin\zip.dll
Event: 0.100 Loaded shared library C:\Users\mrcar\.vscode\extensions\redhat.java-1.49.0-win32-x64\jre\21.0.9-win32-x86_64\bin\jimage.dll
Event: 0.153 Loaded shared library c:\Users\mrcar\.vscode\extensions\redhat.java-1.49.0-win32-x64\jre\21.0.9-win32-x86_64\bin\verify.dll
Event: 3.134 Loaded shared library C:\Users\mrcar\AppData\Roaming\Code\User\globalStorage\redhat.java\1.49.0\config_win\org.eclipse.equinox.launcher\org.eclipse.equinox.launcher.win32.win32.x86_64_1.2.1400.v20250801-0854\eclipse_11916.dll
Event: 8.034 Loaded shared library C:\Users\mrcar\.vscode\extensions\redhat.java-1.49.0-win32-x64\jre\21.0.9-win32-x86_64\bin\management.dll
Event: 8.035 Loaded shared library C:\Users\mrcar\.vscode\extensions\redhat.java-1.49.0-win32-x64\jre\21.0.9-win32-x86_64\bin\management_ext.dll
Event: 8.953 Loaded shared library C:\Users\mrcar\AppData\Local\Temp\jna-104158223\jna9591467503800250160.dll
Event: 9.036 Loaded shared library C:\Users\mrcar\.vscode\extensions\redhat.java-1.49.0-win32-x64\jre\21.0.9-win32-x86_64\bin\sunmscapi.dll
Event: 20.752 Loaded shared library C:\Users\mrcar\.vscode\extensions\redhat.java-1.49.0-win32-x64\jre\21.0.9-win32-x86_64\bin\extnet.dll

Deoptimization events (20 events):
Event: 97055.799 Thread 0x000002411ff84070 DEOPT PACKING pc=0x00000240cd2480c0 sp=0x0000007707cff300
Event: 97055.799 Thread 0x000002411ff84070 DEOPT UNPACKING pc=0x00000240cb5c3aa2 sp=0x0000007707cff2a0 mode 2
Event: 97056.142 Thread 0x00000241230c9b30 Uncommon trap: trap_request=0xffffffc6 fr.pc=0x00000240cd16ae04 relative=0x0000000000002144
Event: 97056.142 Thread 0x00000241230c9b30 Uncommon trap: reason=bimorphic_or_optimized_type_check action=maybe_recompile pc=0x00000240cd16ae04 method=org.eclipse.jdt.core.search.SearchPattern.findIndexMatches(Lorg/eclipse/jdt/internal/core/index/Index;Lorg/eclipse/jdt/internal/core/search/IndexQu
Event: 97056.142 Thread 0x00000241230c9b30 DEOPT PACKING pc=0x00000240cd16ae04 sp=0x0000007707efef90
Event: 97056.143 Thread 0x00000241230c9b30 DEOPT UNPACKING pc=0x00000240cb5c3aa2 sp=0x0000007707efef08 mode 2
Event: 97076.974 Thread 0x00000241230c6d40 DEOPT PACKING pc=0x00000240c42d2d66 sp=0x00000077059fe180
Event: 97076.974 Thread 0x00000241230c9b30 DEOPT PACKING pc=0x00000240c42d2d66 sp=0x0000007707efe4d0
Event: 97076.974 Thread 0x00000241230c94a0 DEOPT PACKING pc=0x00000240c42d2d66 sp=0x0000007707bfe750
Event: 97076.974 Thread 0x00000241230c6d40 DEOPT UNPACKING pc=0x00000240cb5c4242 sp=0x00000077059fd638 mode 0
Event: 97076.975 Thread 0x00000241230c6d40 DEOPT PACKING pc=0x00000240c42d2d66 sp=0x00000077059fe180
Event: 97076.976 Thread 0x00000241230c9b30 DEOPT UNPACKING pc=0x00000240cb5c4242 sp=0x0000007707efd988 mode 0
Event: 97076.976 Thread 0x00000241230c94a0 DEOPT UNPACKING pc=0x00000240cb5c4242 sp=0x0000007707bfdc08 mode 0
Event: 97076.979 Thread 0x00000241230c6d40 DEOPT UNPACKING pc=0x00000240cb5c4242 sp=0x00000077059fd638 mode 0
Event: 97124.935 Thread 0x0000024122fcc220 DEOPT PACKING pc=0x00000240c5773f59 sp=0x00000077077fe950
Event: 97124.946 Thread 0x0000024122fcc220 DEOPT UNPACKING pc=0x00000240cb5c4242 sp=0x00000077077fde88 mode 0
Event: 97127.933 Thread 0x0000024122fcdc60 Uncommon trap: trap_request=0xffffff45 fr.pc=0x00000240ccbf4ef0 relative=0x00000000000024b0
Event: 97127.933 Thread 0x0000024122fcdc60 Uncommon trap: reason=unstable_if action=reinterpret pc=0x00000240ccbf4ef0 method=org.eclipse.jdt.internal.core.builder.BuildNotifier.checkCancel()V @ 80 c2
Event: 97127.933 Thread 0x0000024122fcdc60 DEOPT PACKING pc=0x00000240ccbf4ef0 sp=0x0000007707afdd00
Event: 97127.933 Thread 0x0000024122fcdc60 DEOPT UNPACKING pc=0x00000240cb5c3aa2 sp=0x0000007707afdc28 mode 2

Classes loaded (20 events):
Event: 93775.930 Loading class java/util/stream/ReferencePipeline$15
Event: 93775.931 Loading class java/util/stream/ReferencePipeline$15 done
Event: 93775.932 Loading class java/util/stream/ReferencePipeline$15$1
Event: 93775.932 Loading class java/util/stream/ReferencePipeline$15$1 done
Event: 93777.105 Loading class jdk/internal/module/IllegalAccessLogger
Event: 93777.105 Loading class jdk/internal/module/IllegalAccessLogger done
Event: 93803.855 Loading class jdk/internal/module/IllegalAccessLogger
Event: 93803.855 Loading class jdk/internal/module/IllegalAccessLogger done
Event: 93957.793 Loading class jdk/internal/module/IllegalAccessLogger
Event: 93957.793 Loading class jdk/internal/module/IllegalAccessLogger done
Event: 94104.993 Loading class jdk/internal/module/IllegalAccessLogger
Event: 94104.994 Loading class jdk/internal/module/IllegalAccessLogger done
Event: 94187.176 Loading class jdk/internal/module/IllegalAccessLogger
Event: 94187.176 Loading class jdk/internal/module/IllegalAccessLogger done
Event: 97055.640 Loading class jdk/internal/module/IllegalAccessLogger
Event: 97055.641 Loading class jdk/internal/module/IllegalAccessLogger done
Event: 97127.961 Loading class jdk/internal/module/IllegalAccessLogger
Event: 97127.962 Loading class jdk/internal/module/IllegalAccessLogger done
Event: 97133.103 Loading class sun/net/ConnectionResetException
Event: 97133.112 Loading class sun/net/ConnectionResetException done

Classes unloaded (20 events):
Event: 96924.851 Thread 0x00000240c0dd3310 Unloading class 0x00000240d9081c00 'java/lang/invoke/LambdaForm$MH+0x00000240d9081c00'
Event: 96924.851 Thread 0x00000240c0dd3310 Unloading class 0x00000240d9081800 'java/lang/invoke/LambdaForm$MH+0x00000240d9081800'
Event: 96924.851 Thread 0x00000240c0dd3310 Unloading class 0x00000240d9081400 'java/lang/invoke/LambdaForm$MH+0x00000240d9081400'
Event: 96924.851 Thread 0x00000240c0dd3310 Unloading class 0x00000240d9081000 'java/lang/invoke/LambdaForm$MH+0x00000240d9081000'
Event: 96924.852 Thread 0x00000240c0dd3310 Unloading class 0x00000240d9080800 'java/lang/invoke/LambdaForm$MH+0x00000240d9080800'
Event: 96924.852 Thread 0x00000240c0dd3310 Unloading class 0x00000240d9080400 'java/lang/invoke/LambdaForm$MH+0x00000240d9080400'
Event: 96924.852 Thread 0x00000240c0dd3310 Unloading class 0x00000240d9080000 'java/lang/invoke/LambdaForm$MH+0x00000240d9080000'
Event: 96924.852 Thread 0x00000240c0dd3310 Unloading class 0x00000240d901f800 'java/lang/invoke/LambdaForm$MH+0x00000240d901f800'
Event: 96924.852 Thread 0x00000240c0dd3310 Unloading class 0x00000240d901e800 'java/lang/invoke/LambdaForm$MH+0x00000240d901e800'
Event: 96924.852 Thread 0x00000240c0dd3310 Unloading class 0x00000240d901e400 'java/lang/invoke/LambdaForm$MH+0x00000240d901e400'
Event: 96924.852 Thread 0x00000240c0dd3310 Unloading class 0x00000240d901dc00 'java/lang/invoke/LambdaForm$MH+0x00000240d901dc00'
Event: 96924.852 Thread 0x00000240c0dd3310 Unloading class 0x00000240d901d400 'java/lang/invoke/LambdaForm$MH+0x00000240d901d400'
Event: 96924.852 Thread 0x00000240c0dd3310 Unloading class 0x00000240d9019400 'java/lang/invoke/LambdaForm$MH+0x00000240d9019400'
Event: 96924.852 Thread 0x00000240c0dd3310 Unloading class 0x00000240d9018800 'java/lang/invoke/LambdaForm$MH+0x00000240d9018800'
Event: 96924.852 Thread 0x00000240c0dd3310 Unloading class 0x00000240d9018400 'java/lang/invoke/LambdaForm$MH+0x00000240d9018400'
Event: 96924.852 Thread 0x00000240c0dd3310 Unloading class 0x00000240d9018000 'java/lang/invoke/LambdaForm$MH+0x00000240d9018000'
Event: 96924.853 Thread 0x00000240c0dd3310 Unloading class 0x00000240d9017400 'java/lang/invoke/LambdaForm$MH+0x00000240d9017400'
Event: 96924.853 Thread 0x00000240c0dd3310 Unloading class 0x00000240d9016400 'java/lang/invoke/LambdaForm$MH+0x00000240d9016400'
Event: 96924.853 Thread 0x00000240c0dd3310 Unloading class 0x00000240d9014800 'java/lang/invoke/LambdaForm$MH+0x00000240d9014800'
Event: 96924.853 Thread 0x00000240c0dd3310 Unloading class 0x00000240d9000400 'java/lang/invoke/LambdaForm$MH+0x00000240d9000400'

Classes redefined (0 events):
No events

Internal exceptions (20 events):
Event: 97129.565 Thread 0x00000241230cc920 Exception <a 'sun/nio/fs/WindowsException'{0x00000000d5728d10}> (0x00000000d5728d10) 
thrown [s\src\hotspot\share\prims\jni.cpp, line 520]
Event: 97129.565 Thread 0x00000241230cc920 Exception <a 'sun/nio/fs/WindowsException'{0x00000000d5729900}> (0x00000000d5729900) 
thrown [s\src\hotspot\share\prims\jni.cpp, line 520]
Event: 97129.566 Thread 0x00000241230cc920 Exception <a 'sun/nio/fs/WindowsException'{0x00000000d572ae78}> (0x00000000d572ae78) 
thrown [s\src\hotspot\share\prims\jni.cpp, line 520]
Event: 97129.566 Thread 0x00000241230cc920 Exception <a 'sun/nio/fs/WindowsException'{0x00000000d572b828}> (0x00000000d572b828) 
thrown [s\src\hotspot\share\prims\jni.cpp, line 520]
Event: 97129.997 Thread 0x00000241230cc920 Exception <a 'sun/nio/fs/WindowsException'{0x00000000d56d4340}> (0x00000000d56d4340) 
thrown [s\src\hotspot\share\prims\jni.cpp, line 520]
Event: 97129.997 Thread 0x00000241230cc920 Exception <a 'sun/nio/fs/WindowsException'{0x00000000d56d4e28}> (0x00000000d56d4e28) 
thrown [s\src\hotspot\share\prims\jni.cpp, line 520]
Event: 97129.997 Thread 0x00000241230cc920 Exception <a 'sun/nio/fs/WindowsException'{0x00000000d56d6278}> (0x00000000d56d6278) 
thrown [s\src\hotspot\share\prims\jni.cpp, line 520]
Event: 97129.997 Thread 0x00000241230cc920 Exception <a 'sun/nio/fs/WindowsException'{0x00000000d56d6c20}> (0x00000000d56d6c20) 
thrown [s\src\hotspot\share\prims\jni.cpp, line 520]
Event: 97129.997 Thread 0x00000241230cc920 Exception <a 'sun/nio/fs/WindowsException'{0x00000000d56d7f40}> (0x00000000d56d7f40) 
thrown [s\src\hotspot\share\prims\jni.cpp, line 520]
Event: 97129.997 Thread 0x00000241230cc920 Exception <a 'sun/nio/fs/WindowsException'{0x00000000d56d88f0}> (0x00000000d56d88f0) 
thrown [s\src\hotspot\share\prims\jni.cpp, line 520]
Event: 97130.133 Thread 0x0000024123eb1610 Exception <a 'sun/nio/fs/WindowsException'{0x00000000d558ce60}> (0x00000000d558ce60) 
thrown [s\src\hotspot\share\prims\jni.cpp, line 520]
Event: 97130.134 Thread 0x0000024123eb1610 Exception <a 'sun/nio/fs/WindowsException'{0x00000000d558d4f0}> (0x00000000d558d4f0) 
thrown [s\src\hotspot\share\prims\jni.cpp, line 520]
Event: 97130.858 Thread 0x0000024123eb3d70 Exception <a 'sun/nio/fs/WindowsException'{0x00000000d55b05d0}> (0x00000000d55b05d0) 
thrown [s\src\hotspot\share\prims\jni.cpp, line 520]
Event: 97130.859 Thread 0x0000024123eb3d70 Exception <a 'sun/nio/fs/WindowsException'{0x00000000d55b10d8}> (0x00000000d55b10d8) 
thrown [s\src\hotspot\share\prims\jni.cpp, line 520]
Event: 97130.859 Thread 0x0000024123eb3d70 Exception <a 'sun/nio/fs/WindowsException'{0x00000000d55b2778}> (0x00000000d55b2778) 
thrown [s\src\hotspot\share\prims\jni.cpp, line 520]
Event: 97130.859 Thread 0x0000024123eb3d70 Exception <a 'sun/nio/fs/WindowsException'{0x00000000d55b3120}> (0x00000000d55b3120) 
thrown [s\src\hotspot\share\prims\jni.cpp, line 520]
Event: 97130.860 Thread 0x0000024123eb3d70 Exception <a 'sun/nio/fs/WindowsException'{0x00000000d55b4440}> (0x00000000d55b4440) 
thrown [s\src\hotspot\share\prims\jni.cpp, line 520]
Event: 97130.860 Thread 0x0000024123eb3d70 Exception <a 'sun/nio/fs/WindowsException'{0x00000000d55b5070}> (0x00000000d55b5070) 
thrown [s\src\hotspot\share\prims\jni.cpp, line 520]
Event: 97133.115 Thread 0x0000024123eb1ca0 Exception <a 'sun/net/ConnectionResetException'{0x00000000d56ef258}: Connection reset> (0x00000000d56ef258) 
thrown [s\src\hotspot\share\prims\jni.cpp, line 539]
Event: 97133.119 Thread 0x0000024123eb0260 Exception <a 'java/lang/InterruptedException'{0x00000000d5618790}> (0x00000000d5618790) 
thrown [s\src\hotspot\share\runtime\objectMonitor.cpp, line 1626]

ZGC Phase Switch (0 events):
No events

VM Operations (20 events):
Event: 97129.616 Executing VM operation: ParallelGCFailedAllocation (Allocation Failure)
Event: 97129.617 Executing VM operation: ParallelGCFailedAllocation (Allocation Failure) done
Event: 97129.632 Executing VM operation: ParallelGCFailedAllocation (Allocation Failure)
Event: 97129.634 Executing VM operation: ParallelGCFailedAllocation (Allocation Failure) done
Event: 97129.651 Executing VM operation: ParallelGCFailedAllocation (Allocation Failure)
Event: 97129.652 Executing VM operation: ParallelGCFailedAllocation (Allocation Failure) done
Event: 97129.688 Executing VM operation: ParallelGCFailedAllocation (Allocation Failure)
Event: 97129.690 Executing VM operation: ParallelGCFailedAllocation (Allocation Failure) done
Event: 97129.725 Executing VM operation: ParallelGCFailedAllocation (Allocation Failure)
Event: 97129.727 Executing VM operation: ParallelGCFailedAllocation (Allocation Failure) done
Event: 97129.776 Executing VM operation: ParallelGCFailedAllocation (Allocation Failure)
Event: 97129.777 Executing VM operation: ParallelGCFailedAllocation (Allocation Failure) done
Event: 97129.846 Executing VM operation: ParallelGCFailedAllocation (Allocation Failure)
Event: 97129.847 Executing VM operation: ParallelGCFailedAllocation (Allocation Failure) done
Event: 97129.950 Executing VM operation: ParallelGCFailedAllocation (Allocation Failure)
Event: 97129.951 Executing VM operation: ParallelGCFailedAllocation (Allocation Failure) done
Event: 97130.122 Executing VM operation: ParallelGCFailedAllocation (Allocation Failure)
Event: 97130.126 Executing VM operation: ParallelGCFailedAllocation (Allocation Failure) done
Event: 97130.899 Executing VM operation: ParallelGCFailedAllocation (Allocation Failure)
Event: 97130.905 Executing VM operation: ParallelGCFailedAllocation (Allocation Failure) done

Memory protections (0 events):
No events

Nmethod flushes (20 events):
Event: 96928.078 Thread 0x00000240c0dd3310 flushing  nmethod 0x00000240c71d7210
Event: 96928.079 Thread 0x00000240c0dd3310 flushing  nmethod 0x00000240c71d9890
Event: 96928.079 Thread 0x00000240c0dd3310 flushing osr nmethod 0x00000240c71dea10
Event: 96928.079 Thread 0x00000240c0dd3310 flushing  nmethod 0x00000240c7206110
Event: 96928.079 Thread 0x00000240c0dd3310 flushing  nmethod 0x00000240c7206b10
Event: 96928.079 Thread 0x00000240c0dd3310 flushing  nmethod 0x00000240c7210410
Event: 96928.079 Thread 0x00000240c0dd3310 flushing  nmethod 0x00000240c721d810
Event: 96928.079 Thread 0x00000240c0dd3310 flushing  nmethod 0x00000240c7230490
Event: 96928.079 Thread 0x00000240c0dd3310 flushing  nmethod 0x00000240c723bd90
Event: 96928.079 Thread 0x00000240c0dd3310 flushing  nmethod 0x00000240c7245010
Event: 96928.079 Thread 0x00000240c0dd3310 flushing  nmethod 0x00000240c7256990
Event: 96928.079 Thread 0x00000240c0dd3310 flushing  nmethod 0x00000240c7257190
Event: 96928.079 Thread 0x00000240c0dd3310 flushing  nmethod 0x00000240c726b390
Event: 96928.079 Thread 0x00000240c0dd3310 flushing  nmethod 0x00000240c726fd10
Event: 96928.079 Thread 0x00000240c0dd3310 flushing  nmethod 0x00000240c72d2090
Event: 96928.079 Thread 0x00000240c0dd3310 flushing  nmethod 0x00000240c72d3190
Event: 96928.079 Thread 0x00000240c0dd3310 flushing  nmethod 0x00000240c72dd210
Event: 96928.079 Thread 0x00000240c0dd3310 flushing  nmethod 0x00000240c72e4b90
Event: 96928.080 Thread 0x00000240c0dd3310 flushing osr nmethod 0x00000240c72f0810
Event: 96928.080 Thread 0x00000240c0dd3310 flushing  nmethod 0x00000240c72f4790

Events (20 events):
Event: 97115.687 Thread 0x0000024124f9f9c0 Thread exited: 0x0000024124f9f9c0
Event: 97126.766 Thread 0x0000024122fcdc60 Thread added: 0x0000024123eafbd0
Event: 97127.971 Thread 0x0000024122fcdc60 Thread added: 0x0000024123eac750
Event: 97130.055 Thread 0x0000024124f9b820 Thread added: 0x0000024123eb36e0
Event: 97130.085 Thread 0x0000024123eb36e0 Thread added: 0x0000024123eb1610
Event: 97130.148 Thread 0x0000024123eb1610 Thread added: 0x0000024123eb1ca0
Event: 97130.364 Thread 0x0000024123eb36e0 Thread added: 0x0000024123eb3050
Event: 97130.366 Thread 0x0000024123eb1ca0 Thread exited: 0x0000024123eb1ca0
Event: 97130.811 Thread 0x0000024123eb3050 Thread added: 0x0000024123eb1ca0
Event: 97130.813 Thread 0x0000024123eb1ca0 Thread exited: 0x0000024123eb1ca0
Event: 97130.818 Thread 0x0000024123eb3050 Thread added: 0x0000024123eb1ca0
Event: 97130.818 Thread 0x0000024123eb3050 Thread added: 0x0000024123eb0260
Event: 97130.856 Thread 0x0000024123eb3050 Thread added: 0x0000024123eb3d70
Event: 97130.859 Thread 0x0000024123eb3050 Thread exited: 0x0000024123eb3050
Event: 97130.955 Thread 0x0000024123eb1610 Thread added: 0x0000024123eb3050
Event: 97131.029 Thread 0x0000024123eb3d70 Thread exited: 0x0000024123eb3d70
Event: 97133.119 Thread 0x0000024123eb1ca0 Thread exited: 0x0000024123eb1ca0
Event: 97133.119 Thread 0x0000024123eb0260 Thread exited: 0x0000024123eb0260
Event: 97133.122 Thread 0x0000024123eb3050 Thread exited: 0x0000024123eb3050
Event: 97133.175 Thread 0x0000024123eb1610 Thread exited: 0x0000024123eb1610


Dynamic libraries:
0x00007ff670280000 - 0x00007ff67028e000 	c:\Users\mrcar\.vscode\extensions\redhat.java-1.49.0-win32-x64\jre\21.0.9-win32-x86_64\bin\java.exe
0x00007ffce59a0000 - 0x00007ffce5c08000 	C:\WINDOWS\SYSTEM32\ntdll.dll
0x00007ffce41a0000 - 0x00007ffce4269000 	C:\WINDOWS\System32\KERNEL32.DLL
0x00007ffce3290000 - 0x00007ffce3688000 	C:\WINDOWS\System32\KERNELBASE.dll
0x00007ffce2af0000 - 0x00007ffce2c3b000 	C:\WINDOWS\System32\ucrtbase.dll
0x00007ffcaf230000 - 0x00007ffcaf24e000 	c:\Users\mrcar\.vscode\extensions\redhat.java-1.49.0-win32-x64\jre\21.0.9-win32-x86_64\bin\VCRUNTIME140.dll
0x00007ffcaace0000 - 0x00007ffcaacf8000 	c:\Users\mrcar\.vscode\extensions\redhat.java-1.49.0-win32-x64\jre\21.0.9-win32-x86_64\bin\jli.dll
0x00007ffce5790000 - 0x00007ffce5957000 	C:\WINDOWS\System32\USER32.dll
0x00007ffcc6340000 - 0x00007ffcc65d4000 	C:\WINDOWS\WinSxS\amd64_microsoft.windows.common-controls_6595b64144ccf1df_6.0.26100.7019_none_3e06ffa0e335b8a8\COMCTL32.dll
0x00007ffce2cd0000 - 0x00007ffce2cf7000 	C:\WINDOWS\System32\win32u.dll
0x00007ffce37c0000 - 0x00007ffce3869000 	C:\WINDOWS\System32\msvcrt.dll
0x00007ffce3fe0000 - 0x00007ffce400b000 	C:\WINDOWS\System32\GDI32.dll
0x00007ffce30b0000 - 0x00007ffce31dc000 	C:\WINDOWS\System32\gdi32full.dll
0x00007ffce3690000 - 0x00007ffce3733000 	C:\WINDOWS\System32\msvcp_win.dll
0x00007ffce3d00000 - 0x00007ffce3d31000 	C:\WINDOWS\System32\IMM32.DLL
0x00007ffcdd510000 - 0x00007ffcdd51c000 	c:\Users\mrcar\.vscode\extensions\redhat.java-1.49.0-win32-x64\jre\21.0.9-win32-x86_64\bin\vcruntime140_1.dll
0x00007ffc7fbc0000 - 0x00007ffc7fc4d000 	c:\Users\mrcar\.vscode\extensions\redhat.java-1.49.0-win32-x64\jre\21.0.9-win32-x86_64\bin\msvcp140.dll
0x00007ffc5ffd0000 - 0x00007ffc60d70000 	c:\Users\mrcar\.vscode\extensions\redhat.java-1.49.0-win32-x64\jre\21.0.9-win32-x86_64\bin\server\jvm.dll
0x00007ffce5370000 - 0x00007ffce5424000 	C:\WINDOWS\System32\ADVAPI32.dll
0x00007ffce4270000 - 0x00007ffce4316000 	C:\WINDOWS\System32\sechost.dll
0x00007ffce4470000 - 0x00007ffce4588000 	C:\WINDOWS\System32\RPCRT4.dll
0x00007ffce4120000 - 0x00007ffce4194000 	C:\WINDOWS\System32\WS2_32.dll
0x00007ffce28a0000 - 0x00007ffce28fe000 	C:\WINDOWS\SYSTEM32\POWRPROF.dll
0x00007ffcdba40000 - 0x00007ffcdba75000 	C:\WINDOWS\SYSTEM32\WINMM.dll
0x00007ffcdbb20000 - 0x00007ffcdbb2b000 	C:\WINDOWS\SYSTEM32\VERSION.dll
0x00007ffce2880000 - 0x00007ffce2894000 	C:\WINDOWS\SYSTEM32\UMPDC.dll
0x00007ffce18b0000 - 0x00007ffce18cb000 	C:\WINDOWS\SYSTEM32\kernel.appcore.dll
0x00007ffcd88f0000 - 0x00007ffcd88fa000 	c:\Users\mrcar\.vscode\extensions\redhat.java-1.49.0-win32-x64\jre\21.0.9-win32-x86_64\bin\jimage.dll
0x00007ffce0150000 - 0x00007ffce0392000 	C:\WINDOWS\SYSTEM32\DBGHELP.DLL
0x00007ffce4fe0000 - 0x00007ffce536b000 	C:\WINDOWS\System32\combase.dll
0x00007ffce4320000 - 0x00007ffce43f7000 	C:\WINDOWS\System32\OLEAUT32.dll
0x00007ffcc6160000 - 0x00007ffcc619c000 	C:\WINDOWS\SYSTEM32\dbgcore.DLL
0x00007ffce31e0000 - 0x00007ffce3285000 	C:\WINDOWS\System32\bcryptPrimitives.dll
0x00007ffcd7bd0000 - 0x00007ffcd7bdf000 	c:\Users\mrcar\.vscode\extensions\redhat.java-1.49.0-win32-x64\jre\21.0.9-win32-x86_64\bin\instrument.dll
0x00007ffcaa830000 - 0x00007ffcaa850000 	c:\Users\mrcar\.vscode\extensions\redhat.java-1.49.0-win32-x64\jre\21.0.9-win32-x86_64\bin\java.dll
0x00007ffce47b0000 - 0x00007ffce4eff000 	C:\WINDOWS\System32\SHELL32.dll
0x00007ffce2e80000 - 0x00007ffce2feb000 	C:\WINDOWS\System32\wintypes.dll
0x00007ffce06f0000 - 0x00007ffce0f4d000 	C:\WINDOWS\SYSTEM32\windows.storage.dll
0x00007ffce45c0000 - 0x00007ffce46b2000 	C:\WINDOWS\System32\SHCORE.dll
0x00007ffce3ee0000 - 0x00007ffce3f47000 	C:\WINDOWS\System32\shlwapi.dll
0x00007ffce2a10000 - 0x00007ffce2a39000 	C:\WINDOWS\SYSTEM32\profapi.dll
0x00007ffca3d10000 - 0x00007ffca3d28000 	c:\Users\mrcar\.vscode\extensions\redhat.java-1.49.0-win32-x64\jre\21.0.9-win32-x86_64\bin\zip.dll
0x00007ffcd7a30000 - 0x00007ffcd7a40000 	C:\Users\mrcar\.vscode\extensions\redhat.java-1.49.0-win32-x64\jre\21.0.9-win32-x86_64\bin\net.dll
0x00007ffcdc370000 - 0x00007ffcdc498000 	C:\WINDOWS\SYSTEM32\WINHTTP.dll
0x00007ffce1e20000 - 0x00007ffce1e8b000 	C:\WINDOWS\system32\mswsock.dll
0x00007ffca2d20000 - 0x00007ffca2d36000 	C:\Users\mrcar\.vscode\extensions\redhat.java-1.49.0-win32-x64\jre\21.0.9-win32-x86_64\bin\nio.dll
0x00007ffccf5d0000 - 0x00007ffccf5e0000 	c:\Users\mrcar\.vscode\extensions\redhat.java-1.49.0-win32-x64\jre\21.0.9-win32-x86_64\bin\verify.dll
0x00007ffc808c0000 - 0x00007ffc80904000 	C:\Users\mrcar\AppData\Roaming\Code\User\globalStorage\redhat.java\1.49.0\config_win\org.eclipse.equinox.launcher\org.eclipse.equinox.launcher.win32.win32.x86_64_1.2.1400.v20250801-0854\eclipse_11916.dll
0x00007ffce3d40000 - 0x00007ffce3ed7000 	C:\WINDOWS\System32\ole32.dll
0x00007ffccf410000 - 0x00007ffccf41a000 	C:\Users\mrcar\.vscode\extensions\redhat.java-1.49.0-win32-x64\jre\21.0.9-win32-x86_64\bin\management.dll
0x00007ffccbd60000 - 0x00007ffccbd6c000 	C:\Users\mrcar\.vscode\extensions\redhat.java-1.49.0-win32-x64\jre\21.0.9-win32-x86_64\bin\management_ext.dll
0x00007ffce4460000 - 0x00007ffce4468000 	C:\WINDOWS\System32\PSAPI.DLL
0x00007ffce20e0000 - 0x00007ffce20fb000 	C:\WINDOWS\SYSTEM32\CRYPTSP.dll
0x00007ffce1810000 - 0x00007ffce184a000 	C:\WINDOWS\system32\rsaenh.dll
0x00007ffce1ed0000 - 0x00007ffce1efb000 	C:\WINDOWS\SYSTEM32\USERENV.dll
0x00007ffce29e0000 - 0x00007ffce2a0a000 	C:\WINDOWS\SYSTEM32\bcrypt.dll
0x00007ffce2100000 - 0x00007ffce210c000 	C:\WINDOWS\SYSTEM32\CRYPTBASE.dll
0x00007ffce13f0000 - 0x00007ffce1424000 	C:\WINDOWS\SYSTEM32\IPHLPAPI.DLL
0x00007ffce4590000 - 0x00007ffce459a000 	C:\WINDOWS\System32\NSI.dll
0x00007ffcbd0c0000 - 0x00007ffcbd109000 	C:\Users\mrcar\AppData\Local\Temp\jna-104158223\jna9591467503800250160.dll
0x00007ffcdc540000 - 0x00007ffcdc55e000 	C:\WINDOWS\SYSTEM32\dhcpcsvc6.DLL
0x00007ffcdc510000 - 0x00007ffcdc533000 	C:\WINDOWS\SYSTEM32\dhcpcsvc.DLL
0x00007ffcca8a0000 - 0x00007ffcca8ae000 	C:\Users\mrcar\.vscode\extensions\redhat.java-1.49.0-win32-x64\jre\21.0.9-win32-x86_64\bin\sunmscapi.dll
0x00007ffce2d00000 - 0x00007ffce2e77000 	C:\WINDOWS\System32\CRYPT32.dll
0x00007ffce2300000 - 0x00007ffce2330000 	C:\WINDOWS\SYSTEM32\ncrypt.dll
0x00007ffce22b0000 - 0x00007ffce22ef000 	C:\WINDOWS\SYSTEM32\NTASN1.dll
0x00007ffce1430000 - 0x00007ffce155c000 	C:\WINDOWS\SYSTEM32\DNSAPI.dll
0x00007ffcd8dd0000 - 0x00007ffcd8ddb000 	C:\Windows\System32\rasadhlp.dll
0x00007ffcc2ff0000 - 0x00007ffcc2ff9000 	C:\Users\mrcar\.vscode\extensions\redhat.java-1.49.0-win32-x64\jre\21.0.9-win32-x86_64\bin\extnet.dll
0x00007ffcdcbd0000 - 0x00007ffcdcc56000 	C:\WINDOWS\System32\fwpuclnt.dll
0x00007ffcc8bc0000 - 0x00007ffcc8bc8000 	C:\WINDOWS\system32\wshunix.dll

JVMTI agents:
c:\Users\mrcar\.vscode\extensions\redhat.java-1.49.0-win32-x64\lombok\lombok-1.18.39-4050.jar path:c:\Users\mrcar\.vscode\extensions\redhat.java-1.49.0-win32-x64\jre\21.0.9-win32-x86_64\bin\instrument.dll, loaded, initialized, instrumentlib options:none

dbghelp: loaded successfully - version: 4.0.5 - missing functions: none
symbol engine: initialized successfully - sym options: 0x614 - pdb path: .;c:\Users\mrcar\.vscode\extensions\redhat.java-1.49.0-win32-x64\jre\21.0.9-win32-x86_64\bin;C:\WINDOWS\SYSTEM32;C:\WINDOWS\WinSxS\amd64_microsoft.windows.common-controls_6595b64144ccf1df_6.0.26100.7019_none_3e06ffa0e335b8a8;c:\Users\mrcar\.vscode\extensions\redhat.java-1.49.0-win32-x64\jre\21.0.9-win32-x86_64\bin\server;C:\Users\mrcar\AppData\Roaming\Code\User\globalStorage\redhat.java\1.49.0\config_win\org.eclipse.equinox.launcher\org.eclipse.equinox.launcher.win32.win32.x86_64_1.2.1400.v20250801-0854;C:\Users\mrcar\AppData\Local\Temp\jna-104158223

VM Arguments:
jvm_args: --add-modules=ALL-SYSTEM --add-opens=java.base/java.util=ALL-UNNAMED --add-opens=java.base/java.lang=ALL-UNNAMED --add-opens=java.base/sun.nio.fs=ALL-UNNAMED -Declipse.application=org.eclipse.jdt.ls.core.id1 -Dosgi.bundles.defaultStartLevel=4 -Declipse.product=org.eclipse.jdt.ls.core.product -Djava.import.generatesMetadataFilesAtProjectRoot=false -DDetectVMInstallationsJob.disabled=true -Dfile.encoding=utf8 -XX:+UseParallelGC -XX:GCTimeRatio=4 -XX:AdaptiveSizePolicyWeight=90 -Dsun.zip.disableMemoryMapping=true -Xmx2G -Xms100m -Xlog:disable -javaagent:c:\Users\mrcar\.vscode\extensions\redhat.java-1.49.0-win32-x64\lombok\lombok-1.18.39-4050.jar -XX:+HeapDumpOnOutOfMemoryError -XX:HeapDumpPath=c:\Users\mrcar\AppData\Roaming\Code\User\workspaceStorage\d43a5ef70a504d7a6b3af5cc6a701609\redhat.java -Daether.dependencyCollector.impl=bf 
java_command: c:\Users\mrcar\.vscode\extensions\redhat.java-1.49.0-win32-x64\server\plugins\org.eclipse.equinox.launcher_1.7.100.v20251111-0406.jar -configuration c:\Users\mrcar\AppData\Roaming\Code\User\globalStorage\redhat.java\1.49.0\config_win -data c:\Users\mrcar\AppData\Roaming\Code\User\workspaceStorage\d43a5ef70a504d7a6b3af5cc6a701609\redhat.java\jdt_ws --pipe=\\.\pipe\lsp-e04ea86cf8eb4d0cddd0864d858e7716-sock
java_class_path (initial): c:\Users\mrcar\.vscode\extensions\redhat.java-1.49.0-win32-x64\server\plugins\org.eclipse.equinox.launcher_1.7.100.v20251111-0406.jar
Launcher Type: SUN_STANDARD

[Global flags]
    uintx AdaptiveSizePolicyWeight                 = 90                                        {product} {command line}
     intx CICompilerCount                          = 4                                         {product} {ergonomic}
    uintx GCTimeRatio                              = 4                                         {product} {command line}
     bool HeapDumpOnOutOfMemoryError               = true                                   {manageable} {command line}
    ccstr HeapDumpPath                             = c:\Users\mrcar\AppData\Roaming\Code\User\workspaceStorage\d43a5ef70a504d7a6b3af5cc6a701609\redhat.java         {manageable} {command line}
   size_t InitialHeapSize                          = 104857600                                 {product} {command line}
   size_t MaxHeapSize                              = 2147483648                                {product} {command line}
   size_t MaxNewSize                               = 715653120                                 {product} {ergonomic}
   size_t MinHeapDeltaBytes                        = 524288                                    {product} {ergonomic}
   size_t MinHeapSize                              = 104857600                                 {product} {command line}
   size_t NewSize                                  = 34603008                                  {product} {ergonomic}
    uintx NonNMethodCodeHeapSize                   = 5839372                                {pd product} {ergonomic}
    uintx NonProfiledCodeHeapSize                  = 122909434                              {pd product} {ergonomic}
   size_t OldSize                                  = 70254592                                  {product} {ergonomic}
    uintx ProfiledCodeHeapSize                     = 122909434                              {pd product} {ergonomic}
    uintx ReservedCodeCacheSize                    = 251658240                              {pd product} {ergonomic}
     bool SegmentedCodeCache                       = true                                      {product} {ergonomic}
   size_t SoftMaxHeapSize                          = 2147483648                             {manageable} {ergonomic}
     bool UseCompressedOops                        = true                           {product lp64_product} {ergonomic}
     bool UseLargePagesIndividualAllocation        = false                                  {pd product} {ergonomic}
     bool UseParallelGC                            = true                                      {product} {command line}

Logging:
Log output configuration:
 #0: stdout all=off uptime,level,tags foldmultilines=false
 #1: stderr all=off uptime,level,tags foldmultilines=false

Release file:
JAVA_VERSION="21.0.9" 
MODULES="java.base java.compiler java.datatransfer java.xml java.prefs java.desktop java.instrument java.logging java.management java.security.sasl java.naming java.rmi java.management.rmi java.net.http java.scripting java.security.jgss java.transaction.xa java.sql java.sql.rowset java.xml.crypto java.se java.smartcardio jdk.accessibility jdk.internal.jvmstat jdk.attach jdk.charsets jdk.internal.opt jdk.zipfs jdk.compiler jdk.crypto.ec jdk.crypto.cryptoki jdk.crypto.mscapi jdk.dynalink jdk.internal.ed jdk.editpad jdk.hotspot.agent jdk.httpserver jdk.internal.le jdk.internal.vm.ci jdk.internal.vm.compiler jdk.internal.vm.compiler.management jdk.jartool jdk.javadoc jdk.jcmd jdk.management jdk.management.agent jdk.jconsole jdk.jdeps jdk.jdwp.agent jdk.jdi jdk.jfr jdk.jshell jdk.jsobject jdk.jstatd jdk.localedata jdk.management.jfr jdk.naming.dns jdk.naming.rmi jdk.net jdk.nio.mapmode jdk.random jdk.sctp jdk.security.auth jdk.security.jgss jdk.unsupported jdk.unsupported.desktop jdk.xml.dom" 

Environment Variables:
PATH=C:\Program Files\Eclipse Adoptium\jdk-25.0.0.36-hotspot\bin;C:\Program Files\Eclipse Adoptium\jdk-8.0.462.8-hotspot\bin;C:\Program Files\Eclipse Adoptium\jdk-21.0.7.6-hotspot\bin;C:\WINDOWS\system32;C:\WINDOWS;C:\WINDOWS\System32\Wbem;C:\WINDOWS\System32\WindowsPowerShell\v1.0\;C:\WINDOWS\System32\OpenSSH\;C:\Program Files\Git\cmd;C:\Program Files\nodejs\;C:\Program Files\dotnet\;C:\Program Files\Docker\Docker\resources\bin;C:\Program Files\MariaDB\MariaDB Connector C 64-bit\lib\;C:\Program Files\MariaDB\MariaDB Connector C 64-bit\lib\plugin\;C:\Users\mrcar\AppData\Local\Programs\Python\Python314\Scripts\;C:\Users\mrcar\AppData\Local\Programs\Python\Python314\;C:\Users\mrcar\AppData\Local\Programs\Python\Launcher\;C:\Users\mrcar\AppData\Local\Microsoft\WindowsApps;C:\Users\mrcar\AppData\Local\GitHubDesktop\bin;C:\Users\mrcar\AppData\Local\Programs\Microsoft VS Code\bin;C:\Users\mrcar\AppData\Roaming\npm;C:\Users\mrcar\AppData\Local\Muse Hub\lib;
USERNAME=mrcar
OS=Windows_NT
PROCESSOR_IDENTIFIER=AMD64 Family 25 Model 80 Stepping 0, AuthenticAMD
TMP=C:\Users\mrcar\AppData\Local\Temp
TEMP=C:\Users\mrcar\AppData\Local\Temp




Periodic native trim disabled

---------------  S Y S T E M  ---------------

OS:
 Windows 11 , 64 bit Build 26100 (10.0.26100.7019)
OS uptime: 5 days 14:58 hours
Hyper-V role detected

CPU: total 12 (initial active 12) (12 cores per cpu, 2 threads per core) family 25 model 80 stepping 0 microcode 0xa50000f, cx8, cmov, fxsr, ht, mmx, 3dnowpref, sse, sse2, sse3, ssse3, sse4a, sse4.1, sse4.2, popcnt, lzcnt, tsc, tscinvbit, avx, avx2, aes, erms, clmul, bmi1, bmi2, adx, sha, fma, vzeroupper, clflush, clflushopt, hv, rdtscp, rdpid, fsrm, f16c, cet_ss
Processor Information for the first 12 processors :
  Max Mhz: 2000, Current Mhz: 2000, Mhz Limit: 2000

Memory: 4k page, system-wide physical 7487M (811M free)
TotalPageFile size 30015M (AvailPageFile size 74M)
current process WorkingSet (physical memory assigned to process): 120M, peak: 913M
current process commit charge ("private bytes"): 757M, peak: 1523M

vm_info: OpenJDK 64-Bit Server VM (21.0.9+10-LTS) for windows-amd64 JRE (21.0.9+10-LTS), built on 2025-10-21T00:00:00Z by "admin" with unknown MS VC++:1942

END.
